# JRE version: Java(TM) SE Runtime Environment (7.0_67-b01) (build 1.7.0_67-b01)
# Java VM: Java HotSpot(TM) 64-Bit Server VM (24.65-b04 mixed mode windows-amd64 compressed oops)
Heap
 PSYoungGen      total 443904K, used 133901K [0x00000007d6100000, 0x00000007f4800000, 0x0000000800000000)
  eden space 398336K, 25% used [0x00000007d6100000,0x00000007dc257e60,0x00000007ee600000)
  from space 45568K, 75% used [0x00000007f1580000,0x00000007f36eb7a8,0x00000007f4200000)
  to   space 48640K, 0% used [0x00000007ee600000,0x00000007ee600000,0x00000007f1580000)
 ParOldGen       total 85504K, used 56910K [0x0000000782400000, 0x0000000787780000, 0x00000007d6100000)
  object space 85504K, 66% used [0x0000000782400000,0x0000000785b93800,0x0000000787780000)
 PSPermGen       total 46592K, used 46520K [0x000000077d200000, 0x000000077ff80000, 0x0000000782400000)
  object space 46592K, 99% used [0x000000077d200000,0x000000077ff6e048,0x000000077ff80000)
GC Heap History (10 events):
Event: 5.391 GC heap before
{Heap before GC invocations=6 (full 0):
 PSYoungGen      total 70656K, used 70624K [0x00000007d6100000, 0x00000007dfd00000, 0x0000000800000000)
  eden space 65536K, 100% used [0x00000007d6100000,0x00000007da100000,0x00000007da100000)
  from space 5120K, 99% used [0x00000007da100000,0x00000007da5f8020,0x00000007da600000)
  to   space 14336K, 0% used [0x00000007def00000,0x00000007def00000,0x00000007dfd00000)
 ParOldGen       total 85504K, used 16774K [0x0000000782400000, 0x0000000787780000, 0x00000007d6100000)
  object space 85504K, 19% used [0x0000000782400000,0x0000000783461a90,0x0000000787780000)
 PSPermGen       total 26624K, used 26118K [0x000000077d200000, 0x000000077ec00000, 0x0000000782400000)
  object space 26624K, 98% used [0x000000077d200000,0x000000077eb81838,0x000000077ec00000)
Event: 5.406 GC heap after
Heap after GC invocations=6 (full 0):
 PSYoungGen      total 143360K, used 13065K [0x00000007d6100000, 0x00000007e0100000, 0x0000000800000000)
  eden space 129024K, 0% used [0x00000007d6100000,0x00000007d6100000,0x00000007ddf00000)
  from space 14336K, 91% used [0x00000007def00000,0x00000007dfbc26e8,0x00000007dfd00000)
  to   space 16384K, 0% used [0x00000007ddf00000,0x00000007ddf00000,0x00000007def00000)
 ParOldGen       total 85504K, used 16782K [0x0000000782400000, 0x0000000787780000, 0x00000007d6100000)
  object space 85504K, 19% used [0x0000000782400000,0x0000000783463a90,0x0000000787780000)
 PSPermGen       total 26624K, used 26118K [0x000000077d200000, 0x000000077ec00000, 0x0000000782400000)
  object space 26624K, 98% used [0x000000077d200000,0x000000077eb81838,0x000000077ec00000)
}
Event: 6.304 GC heap before
{Heap before GC invocations=7 (full 0):
 PSYoungGen      total 143360K, used 142089K [0x00000007d6100000, 0x00000007e0100000, 0x0000000800000000)
  eden space 129024K, 100% used [0x00000007d6100000,0x00000007ddf00000,0x00000007ddf00000)
  from space 14336K, 91% used [0x00000007def00000,0x00000007dfbc26e8,0x00000007dfd00000)
  to   space 16384K, 0% used [0x00000007ddf00000,0x00000007ddf00000,0x00000007def00000)
 ParOldGen       total 85504K, used 16782K [0x0000000782400000, 0x0000000787780000, 0x00000007d6100000)
  object space 85504K, 19% used [0x0000000782400000,0x0000000783463a90,0x0000000787780000)
 PSPermGen       total 26624K, used 26606K [0x000000077d200000, 0x000000077ec00000, 0x0000000782400000)
  object space 26624K, 99% used [0x000000077d200000,0x000000077ebfbbc0,0x000000077ec00000)
Event: 6.336 GC heap after
Heap after GC invocations=7 (full 0):
 PSYoungGen      total 145408K, used 16354K [0x00000007d6100000, 0x00000007e8f00000, 0x0000000800000000)
  eden space 129024K, 0% used [0x00000007d6100000,0x00000007d6100000,0x00000007ddf00000)
  from space 16384K, 99% used [0x00000007ddf00000,0x00000007deef8ac0,0x00000007def00000)
  to   space 25600K, 0% used [0x00000007e7600000,0x00000007e7600000,0x00000007e8f00000)
 ParOldGen       total 85504K, used 30125K [0x0000000782400000, 0x0000000787780000, 0x00000007d6100000)
  object space 85504K, 35% used [0x0000000782400000,0x000000078416b6d8,0x0000000787780000)
 PSPermGen       total 26624K, used 26606K [0x000000077d200000, 0x000000077ec00000, 0x0000000782400000)
  object space 26624K, 99% used [0x000000077d200000,0x000000077ebfbbc0,0x000000077ec00000)
}
Event: 6.807 GC heap before
{Heap before GC invocations=8 (full 0):
 PSYoungGen      total 145408K, used 145378K [0x00000007d6100000, 0x00000007e8f00000, 0x0000000800000000)
  eden space 129024K, 100% used [0x00000007d6100000,0x00000007ddf00000,0x00000007ddf00000)
  from space 16384K, 99% used [0x00000007ddf00000,0x00000007deef8ac0,0x00000007def00000)
  to   space 25600K, 0% used [0x00000007e7600000,0x00000007e7600000,0x00000007e8f00000)
 ParOldGen       total 85504K, used 30125K [0x0000000782400000, 0x0000000787780000, 0x00000007d6100000)
  object space 85504K, 35% used [0x0000000782400000,0x000000078416b6d8,0x0000000787780000)
 PSPermGen       total 27136K, used 26633K [0x000000077d200000, 0x000000077ec80000, 0x0000000782400000)
  object space 27136K, 98% used [0x000000077d200000,0x000000077ec02690,0x000000077ec80000)
Event: 6.834 GC heap after
Heap after GC invocations=8 (full 0):
 PSYoungGen      total 276480K, used 25571K [0x00000007d6100000, 0x00000007e9d00000, 0x0000000800000000)
  eden space 250880K, 0% used [0x00000007d6100000,0x00000007d6100000,0x00000007e5600000)
  from space 25600K, 99% used [0x00000007e7600000,0x00000007e8ef8f80,0x00000007e8f00000)
  to   space 32768K, 0% used [0x00000007e5600000,0x00000007e5600000,0x00000007e7600000)
 ParOldGen       total 85504K, used 36557K [0x0000000782400000, 0x0000000787780000, 0x00000007d6100000)
  object space 85504K, 42% used [0x0000000782400000,0x00000007847b35b8,0x0000000787780000)
 PSPermGen       total 27136K, used 26633K [0x000000077d200000, 0x000000077ec80000, 0x0000000782400000)
  object space 27136K, 98% used [0x000000077d200000,0x000000077ec02690,0x000000077ec80000)
}
Event: 7.859 GC heap before
{Heap before GC invocations=9 (full 0):
 PSYoungGen      total 276480K, used 276451K [0x00000007d6100000, 0x00000007e9d00000, 0x0000000800000000)
  eden space 250880K, 100% used [0x00000007d6100000,0x00000007e5600000,0x00000007e5600000)
  from space 25600K, 99% used [0x00000007e7600000,0x00000007e8ef8f80,0x00000007e8f00000)
  to   space 32768K, 0% used [0x00000007e5600000,0x00000007e5600000,0x00000007e7600000)
 ParOldGen       total 85504K, used 36557K [0x0000000782400000, 0x0000000787780000, 0x00000007d6100000)
  object space 85504K, 42% used [0x0000000782400000,0x00000007847b35b8,0x0000000787780000)
 PSPermGen       total 27136K, used 26652K [0x000000077d200000, 0x000000077ec80000, 0x0000000782400000)
  object space 27136K, 98% used [0x000000077d200000,0x000000077ec071c8,0x000000077ec80000)
Event: 7.896 GC heap after
Heap after GC invocations=9 (full 0):
 PSYoungGen      total 283648K, used 32746K [0x00000007d6100000, 0x00000007f4200000, 0x0000000800000000)
  eden space 250880K, 0% used [0x00000007d6100000,0x00000007d6100000,0x00000007e5600000)
  from space 32768K, 99% used [0x00000007e5600000,0x00000007e75faa40,0x00000007e7600000)
  to   space 45568K, 0% used [0x00000007f1580000,0x00000007f1580000,0x00000007f4200000)
 ParOldGen       total 85504K, used 54626K [0x0000000782400000, 0x0000000787780000, 0x00000007d6100000)
  object space 85504K, 63% used [0x0000000782400000,0x00000007859589c0,0x0000000787780000)
 PSPermGen       total 27136K, used 26652K [0x000000077d200000, 0x000000077ec80000, 0x0000000782400000)
  object space 27136K, 98% used [0x000000077d200000,0x000000077ec071c8,0x000000077ec80000)
}
Event: 10.155 GC heap before
{Heap before GC invocations=10 (full 0):
 PSYoungGen      total 283648K, used 283626K [0x00000007d6100000, 0x00000007f4200000, 0x0000000800000000)
  eden space 250880K, 100% used [0x00000007d6100000,0x00000007e5600000,0x00000007e5600000)
  from space 32768K, 99% used [0x00000007e5600000,0x00000007e75faa40,0x00000007e7600000)
  to   space 45568K, 0% used [0x00000007f1580000,0x00000007f1580000,0x00000007f4200000)
 ParOldGen       total 85504K, used 54626K [0x0000000782400000, 0x0000000787780000, 0x00000007d6100000)
  object space 85504K, 63% used [0x0000000782400000,0x00000007859589c0,0x0000000787780000)
 PSPermGen       total 42496K, used 42058K [0x000000077d200000, 0x000000077fb80000, 0x0000000782400000)
  object space 42496K, 98% used [0x000000077d200000,0x000000077fb128e0,0x000000077fb80000)
Event: 10.184 GC heap after
Heap after GC invocations=10 (full 0):
 PSYoungGen      total 443904K, used 34221K [0x00000007d6100000, 0x00000007f4800000, 0x0000000800000000)
  eden space 398336K, 0% used [0x00000007d6100000,0x00000007d6100000,0x00000007ee600000)
  from space 45568K, 75% used [0x00000007f1580000,0x00000007f36eb7a8,0x00000007f4200000)
  to   space 48640K, 0% used [0x00000007ee600000,0x00000007ee600000,0x00000007f1580000)
 ParOldGen       total 85504K, used 56910K [0x0000000782400000, 0x0000000787780000, 0x00000007d6100000)
  object space 85504K, 66% used [0x0000000782400000,0x0000000785b93800,0x0000000787780000)
 PSPermGen       total 42496K, used 42058K [0x000000077d200000, 0x000000077fb80000, 0x0000000782400000)
  object space 42496K, 98% used [0x000000077d200000,0x000000077fb128e0,0x000000077fb80000)
}

