# JRE version: Java(TM) SE Runtime Environment (7.0_67-b01) (build 1.7.0_67-b01)
# Java VM: Java HotSpot(TM) 64-Bit Server VM (24.65-b04 mixed mode windows-amd64 compressed oops)
Heap
 PSYoungGen      total 37888K, used 8295K [0x00000007d6100000, 0x00000007d8b00000, 0x0000000800000000)
  eden space 32768K, 9% used [0x00000007d6100000,0x00000007d641fbb0,0x00000007d8100000)
  from space 5120K, 99% used [0x00000007d8100000,0x00000007d85fa188,0x00000007d8600000)
  to   space 5120K, 0% used [0x00000007d8600000,0x00000007d8600000,0x00000007d8b00000)
 ParOldGen       total 85504K, used 43994K [0x0000000782400000, 0x0000000787780000, 0x00000007d6100000)
  object space 85504K, 51% used [0x0000000782400000,0x0000000784ef6b60,0x0000000787780000)
 PSPermGen       total 27136K, used 26651K [0x000000077d200000, 0x000000077ec80000, 0x0000000782400000)
  object space 27136K, 98% used [0x000000077d200000,0x000000077ec06f98,0x000000077ec80000)
GC Heap History (10 events):
Event: 7.715 GC heap before
{Heap before GC invocations=7 (full 0):
 PSYoungGen      total 37888K, used 37888K [0x00000007d6100000, 0x00000007d8b00000, 0x0000000800000000)
  eden space 32768K, 100% used [0x00000007d6100000,0x00000007d8100000,0x00000007d8100000)
  from space 5120K, 100% used [0x00000007d8600000,0x00000007d8b00000,0x00000007d8b00000)
  to   space 5120K, 0% used [0x00000007d8100000,0x00000007d8100000,0x00000007d8600000)
 ParOldGen       total 85504K, used 16018K [0x0000000782400000, 0x0000000787780000, 0x00000007d6100000)
  object space 85504K, 18% used [0x0000000782400000,0x00000007833a4980,0x0000000787780000)
 PSPermGen       total 21504K, used 20050K [0x000000077d200000, 0x000000077e700000, 0x0000000782400000)
  object space 21504K, 93% used [0x000000077d200000,0x000000077e594870,0x000000077e700000)
Event: 7.725 GC heap after
Heap after GC invocations=7 (full 0):
 PSYoungGen      total 37888K, used 5089K [0x00000007d6100000, 0x00000007d8b00000, 0x0000000800000000)
  eden space 32768K, 0% used [0x00000007d6100000,0x00000007d6100000,0x00000007d8100000)
  from space 5120K, 99% used [0x00000007d8100000,0x00000007d85f8498,0x00000007d8600000)
  to   space 5120K, 0% used [0x00000007d8600000,0x00000007d8600000,0x00000007d8b00000)
 ParOldGen       total 85504K, used 20494K [0x0000000782400000, 0x0000000787780000, 0x00000007d6100000)
  object space 85504K, 23% used [0x0000000782400000,0x0000000783803830,0x0000000787780000)
 PSPermGen       total 21504K, used 20050K [0x000000077d200000, 0x000000077e700000, 0x0000000782400000)
  object space 21504K, 93% used [0x000000077d200000,0x000000077e594870,0x000000077e700000)
}
Event: 8.467 GC heap before
{Heap before GC invocations=8 (full 0):
 PSYoungGen      total 37888K, used 37857K [0x00000007d6100000, 0x00000007d8b00000, 0x0000000800000000)
  eden space 32768K, 100% used [0x00000007d6100000,0x00000007d8100000,0x00000007d8100000)
  from space 5120K, 99% used [0x00000007d8100000,0x00000007d85f8498,0x00000007d8600000)
  to   space 5120K, 0% used [0x00000007d8600000,0x00000007d8600000,0x00000007d8b00000)
 ParOldGen       total 85504K, used 20494K [0x0000000782400000, 0x0000000787780000, 0x00000007d6100000)
  object space 85504K, 23% used [0x0000000782400000,0x0000000783803830,0x0000000787780000)
 PSPermGen       total 25088K, used 25086K [0x000000077d200000, 0x000000077ea80000, 0x0000000782400000)
  object space 25088K, 99% used [0x000000077d200000,0x000000077ea7f878,0x000000077ea80000)
Event: 8.480 GC heap after
Heap after GC invocations=8 (full 0):
 PSYoungGen      total 37888K, used 5104K [0x00000007d6100000, 0x00000007d8b00000, 0x0000000800000000)
  eden space 32768K, 0% used [0x00000007d6100000,0x00000007d6100000,0x00000007d8100000)
  from space 5120K, 99% used [0x00000007d8600000,0x00000007d8afc010,0x00000007d8b00000)
  to   space 5120K, 0% used [0x00000007d8100000,0x00000007d8100000,0x00000007d8600000)
 ParOldGen       total 85504K, used 25259K [0x0000000782400000, 0x0000000787780000, 0x00000007d6100000)
  object space 85504K, 29% used [0x0000000782400000,0x0000000783caac00,0x0000000787780000)
 PSPermGen       total 25088K, used 25086K [0x000000077d200000, 0x000000077ea80000, 0x0000000782400000)
  object space 25088K, 99% used [0x000000077d200000,0x000000077ea7f878,0x000000077ea80000)
}
Event: 9.124 GC heap before
{Heap before GC invocations=9 (full 0):
 PSYoungGen      total 37888K, used 37872K [0x00000007d6100000, 0x00000007d8b00000, 0x0000000800000000)
  eden space 32768K, 100% used [0x00000007d6100000,0x00000007d8100000,0x00000007d8100000)
  from space 5120K, 99% used [0x00000007d8600000,0x00000007d8afc010,0x00000007d8b00000)
  to   space 5120K, 0% used [0x00000007d8100000,0x00000007d8100000,0x00000007d8600000)
 ParOldGen       total 85504K, used 25259K [0x0000000782400000, 0x0000000787780000, 0x00000007d6100000)
  object space 85504K, 29% used [0x0000000782400000,0x0000000783caac00,0x0000000787780000)
 PSPermGen       total 27136K, used 26624K [0x000000077d200000, 0x000000077ec80000, 0x0000000782400000)
  object space 27136K, 98% used [0x000000077d200000,0x000000077ec00208,0x000000077ec80000)
Event: 9.134 GC heap after
Heap after GC invocations=9 (full 0):
 PSYoungGen      total 37888K, used 5110K [0x00000007d6100000, 0x00000007d8b00000, 0x0000000800000000)
  eden space 32768K, 0% used [0x00000007d6100000,0x00000007d6100000,0x00000007d8100000)
  from space 5120K, 99% used [0x00000007d8100000,0x00000007d85fda00,0x00000007d8600000)
  to   space 5120K, 0% used [0x00000007d8600000,0x00000007d8600000,0x00000007d8b00000)
 ParOldGen       total 85504K, used 31070K [0x0000000782400000, 0x0000000787780000, 0x00000007d6100000)
  object space 85504K, 36% used [0x0000000782400000,0x0000000784257848,0x0000000787780000)
 PSPermGen       total 27136K, used 26624K [0x000000077d200000, 0x000000077ec80000, 0x0000000782400000)
  object space 27136K, 98% used [0x000000077d200000,0x000000077ec00208,0x000000077ec80000)
}
Event: 9.376 GC heap before
{Heap before GC invocations=10 (full 0):
 PSYoungGen      total 37888K, used 37878K [0x00000007d6100000, 0x00000007d8b00000, 0x0000000800000000)
  eden space 32768K, 100% used [0x00000007d6100000,0x00000007d8100000,0x00000007d8100000)
  from space 5120K, 99% used [0x00000007d8100000,0x00000007d85fda00,0x00000007d8600000)
  to   space 5120K, 0% used [0x00000007d8600000,0x00000007d8600000,0x00000007d8b00000)
 ParOldGen       total 85504K, used 31070K [0x0000000782400000, 0x0000000787780000, 0x00000007d6100000)
  object space 85504K, 36% used [0x0000000782400000,0x0000000784257848,0x0000000787780000)
 PSPermGen       total 27136K, used 26644K [0x000000077d200000, 0x000000077ec80000, 0x0000000782400000)
  object space 27136K, 98% used [0x000000077d200000,0x000000077ec05318,0x000000077ec80000)
Event: 9.386 GC heap after
Heap after GC invocations=10 (full 0):
 PSYoungGen      total 37888K, used 5089K [0x00000007d6100000, 0x00000007d8b00000, 0x0000000800000000)
  eden space 32768K, 0% used [0x00000007d6100000,0x00000007d6100000,0x00000007d8100000)
  from space 5120K, 99% used [0x00000007d8600000,0x00000007d8af8680,0x00000007d8b00000)
  to   space 5120K, 0% used [0x00000007d8100000,0x00000007d8100000,0x00000007d8600000)
 ParOldGen       total 85504K, used 37569K [0x0000000782400000, 0x0000000787780000, 0x00000007d6100000)
  object space 85504K, 43% used [0x0000000782400000,0x00000007848b0680,0x0000000787780000)
 PSPermGen       total 27136K, used 26644K [0x000000077d200000, 0x000000077ec80000, 0x0000000782400000)
  object space 27136K, 98% used [0x000000077d200000,0x000000077ec05318,0x000000077ec80000)
}
Event: 9.525 GC heap before
{Heap before GC invocations=11 (full 0):
 PSYoungGen      total 37888K, used 37857K [0x00000007d6100000, 0x00000007d8b00000, 0x0000000800000000)
  eden space 32768K, 100% used [0x00000007d6100000,0x00000007d8100000,0x00000007d8100000)
  from space 5120K, 99% used [0x00000007d8600000,0x00000007d8af8680,0x00000007d8b00000)
  to   space 5120K, 0% used [0x00000007d8100000,0x00000007d8100000,0x00000007d8600000)
 ParOldGen       total 85504K, used 37569K [0x0000000782400000, 0x0000000787780000, 0x00000007d6100000)
  object space 85504K, 43% used [0x0000000782400000,0x00000007848b0680,0x0000000787780000)
 PSPermGen       total 27136K, used 26648K [0x000000077d200000, 0x000000077ec80000, 0x0000000782400000)
  object space 27136K, 98% used [0x000000077d200000,0x000000077ec060d0,0x000000077ec80000)
Event: 9.533 GC heap after
Heap after GC invocations=11 (full 0):
 PSYoungGen      total 37888K, used 5096K [0x00000007d6100000, 0x00000007d8b00000, 0x0000000800000000)
  eden space 32768K, 0% used [0x00000007d6100000,0x00000007d6100000,0x00000007d8100000)
  from space 5120K, 99% used [0x00000007d8100000,0x00000007d85fa188,0x00000007d8600000)
  to   space 5120K, 0% used [0x00000007d8600000,0x00000007d8600000,0x00000007d8b00000)
 ParOldGen       total 85504K, used 43994K [0x0000000782400000, 0x0000000787780000, 0x00000007d6100000)
  object space 85504K, 51% used [0x0000000782400000,0x0000000784ef6b60,0x0000000787780000)
 PSPermGen       total 27136K, used 26648K [0x000000077d200000, 0x000000077ec80000, 0x0000000782400000)
  object space 27136K, 98% used [0x000000077d200000,0x000000077ec060d0,0x000000077ec80000)
}

